  nmake -nologo -f "\Symbian\6.0\NokiaCPP\EPOC32\BUILD\OPL\OPX\GROUP\EXPORT.make" EXPORT VERBOSE=-s
	md "\Symbian\6.0\NokiaCPP\EPOC32\release\marm"
	copy "\OPL\OPX\bwins\opx.def" "\Symbian\6.0\NokiaCPP\EPOC32\release\wins\opx.def"
        1 file(s) copied.
	copy "\OPL\OPX\bmarm\opx.def" "\Symbian\6.0\NokiaCPP\EPOC32\release\marm\opx.def"
        1 file(s) copied.
  nmake -nologo -f "\Symbian\6.0\NokiaCPP\EPOC32\BUILD\OPL\OPX\GROUP\WINS.make" MAKEFILE VERBOSE=-s
	perl -S makmake.pl -D \OPL\OPX\AGENDA\AGENDA WINS
	perl -S makmake.pl -D \OPL\OPX\ALARM\ALARM WINS
	perl -S makmake.pl -D \OPL\OPX\APPFRAME\APPFRAME WINS
	perl -S makmake.pl -D \OPL\OPX\BMP\BMP WINS
	perl -S makmake.pl -D \OPL\OPX\BUFFER\BUFFER WINS
	perl -S makmake.pl -D \OPL\OPX\CONTACT\CONTACT WINS
	perl -S makmake.pl -D \OPL\OPX\CONVERT\CONVERT WINS
	perl -S makmake.pl -D \OPL\OPX\DATA\DATA WINS
	perl -S makmake.pl -D \OPL\OPX\DATE\DATE WINS
	perl -S makmake.pl -D \OPL\OPX\DBASE\DBASE WINS
	perl -S makmake.pl -D \OPL\OPX\LOCALE\LOCALE WINS
	perl -S makmake.pl -D \OPL\OPX\MEDIASERVEROPX\MEDIASERVEROPX WINS
	perl -S makmake.pl -D \OPL\OPX\PRINTER\PRINTER WINS
	perl -S makmake.pl -D \OPL\OPX\SCOMMS\SCOMMS WINS
	perl -S makmake.pl -D \OPL\OPX\SENDAS\SENDAS WINS
	perl -S makmake.pl -D \OPL\OPX\SPELL\SPELL WINS
	perl -S makmake.pl -D \OPL\OPX\SYSTEM\SYSTEM WINS
	nmake -nologo -s  -f "\OPL\OPX\GROUP\OPX.MK" PLATFORM=WINS MAKMAKE
  nmake -nologo -f "\Symbian\6.0\NokiaCPP\EPOC32\BUILD\OPL\OPX\GROUP\THUMB.make" MAKEFILE VERBOSE=-s
	perl -S makmake.pl -D \OPL\OPX\AGENDA\AGENDA THUMB
	perl -S makmake.pl -D \OPL\OPX\ALARM\ALARM THUMB
	perl -S makmake.pl -D \OPL\OPX\APPFRAME\APPFRAME THUMB
	perl -S makmake.pl -D \OPL\OPX\BMP\BMP THUMB
	perl -S makmake.pl -D \OPL\OPX\BUFFER\BUFFER THUMB
	perl -S makmake.pl -D \OPL\OPX\CONTACT\CONTACT THUMB
	perl -S makmake.pl -D \OPL\OPX\CONVERT\CONVERT THUMB
	perl -S makmake.pl -D \OPL\OPX\DATA\DATA THUMB
	perl -S makmake.pl -D \OPL\OPX\DATE\DATE THUMB
	perl -S makmake.pl -D \OPL\OPX\DBASE\DBASE THUMB
	perl -S makmake.pl -D \OPL\OPX\LOCALE\LOCALE THUMB
	perl -S makmake.pl -D \OPL\OPX\MEDIASERVEROPX\MEDIASERVEROPX THUMB
	perl -S makmake.pl -D \OPL\OPX\PRINTER\PRINTER THUMB
	perl -S makmake.pl -D \OPL\OPX\SCOMMS\SCOMMS THUMB
	perl -S makmake.pl -D \OPL\OPX\SENDAS\SENDAS THUMB
	perl -S makmake.pl -D \OPL\OPX\SPELL\SPELL THUMB
	perl -S makmake.pl -D \OPL\OPX\SYSTEM\SYSTEM THUMB
	nmake -nologo -s  -f "\OPL\OPX\GROUP\OPX.MK" PLATFORM=THUMB MAKMAKE
  nmake -nologo -f "\Symbian\6.0\NokiaCPP\EPOC32\BUILD\OPL\OPX\GROUP\WINS.make" LIBRARY VERBOSE=-s
	nmake -nologo -s  -f "\Symbian\6.0\NokiaCPP\EPOC32\BUILD\OPL\OPX\AGENDA\AGENDA\WINS\AGENDA.WINS" LIBRARY
   Creating library \Symbian\6.0\NokiaCPP\EPOC32\RELEASE\WINS\UDEB\AGENDA.LIB and object \Symbian\6.0\NokiaCPP\EPOC32\RELEASE\WINS\UDEB\AGENDA.exp
	nmake -nologo -s  -f "\Symbian\6.0\NokiaCPP\EPOC32\BUILD\OPL\OPX\ALARM\ALARM\WINS\ALARM.WINS" LIBRARY
   Creating library \Symbian\6.0\NokiaCPP\EPOC32\RELEASE\WINS\UDEB\ALARM.LIB and object \Symbian\6.0\NokiaCPP\EPOC32\RELEASE\WINS\UDEB\ALARM.exp
	nmake -nologo -s  -f "\Symbian\6.0\NokiaCPP\EPOC32\BUILD\OPL\OPX\APPFRAME\APPFRAME\WINS\APPFRAME.WINS" LIBRARY
   Creating library \Symbian\6.0\NokiaCPP\EPOC32\RELEASE\WINS\UDEB\APPFRAME.LIB and object \Symbian\6.0\NokiaCPP\EPOC32\RELEASE\WINS\UDEB\APPFRAME.exp
	nmake -nologo -s  -f "\Symbian\6.0\NokiaCPP\EPOC32\BUILD\OPL\OPX\BMP\BMP\WINS\BMP.WINS" LIBRARY
   Creating library \Symbian\6.0\NokiaCPP\EPOC32\RELEASE\WINS\UDEB\BMP.LIB and object \Symbian\6.0\NokiaCPP\EPOC32\RELEASE\WINS\UDEB\BMP.exp
	nmake -nologo -s  -f "\Symbian\6.0\NokiaCPP\EPOC32\BUILD\OPL\OPX\BUFFER\BUFFER\WINS\BUFFER.WINS" LIBRARY
   Creating library \Symbian\6.0\NokiaCPP\EPOC32\RELEASE\WINS\UDEB\BUFFER.LIB and object \Symbian\6.0\NokiaCPP\EPOC32\RELEASE\WINS\UDEB\BUFFER.exp
	nmake -nologo -s  -f "\Symbian\6.0\NokiaCPP\EPOC32\BUILD\OPL\OPX\CONTACT\CONTACT\WINS\CONTACT.WINS" LIBRARY
   Creating library \Symbian\6.0\NokiaCPP\EPOC32\RELEASE\WINS\UDEB\CONTACT.LIB and object \Symbian\6.0\NokiaCPP\EPOC32\RELEASE\WINS\UDEB\CONTACT.exp
	nmake -nologo -s  -f "\Symbian\6.0\NokiaCPP\EPOC32\BUILD\OPL\OPX\CONVERT\CONVERT\WINS\CONVERT.WINS" LIBRARY
   Creating library \Symbian\6.0\NokiaCPP\EPOC32\RELEASE\WINS\UDEB\CONVERT.LIB and object \Symbian\6.0\NokiaCPP\EPOC32\RELEASE\WINS\UDEB\CONVERT.exp
	nmake -nologo -s  -f "\Symbian\6.0\NokiaCPP\EPOC32\BUILD\OPL\OPX\DATA\DATA\WINS\DATA.WINS" LIBRARY
   Creating library \Symbian\6.0\NokiaCPP\EPOC32\RELEASE\WINS\UDEB\DATA.LIB and object \Symbian\6.0\NokiaCPP\EPOC32\RELEASE\WINS\UDEB\DATA.exp
	nmake -nologo -s  -f "\Symbian\6.0\NokiaCPP\EPOC32\BUILD\OPL\OPX\DATE\DATE\WINS\DATE.WINS" LIBRARY
   Creating library \Symbian\6.0\NokiaCPP\EPOC32\RELEASE\WINS\UDEB\DATE.LIB and object \Symbian\6.0\NokiaCPP\EPOC32\RELEASE\WINS\UDEB\DATE.exp
	nmake -nologo -s  -f "\Symbian\6.0\NokiaCPP\EPOC32\BUILD\OPL\OPX\DBASE\DBASE\WINS\DBASE.WINS" LIBRARY
   Creating library \Symbian\6.0\NokiaCPP\EPOC32\RELEASE\WINS\UDEB\DBASE.LIB and object \Symbian\6.0\NokiaCPP\EPOC32\RELEASE\WINS\UDEB\DBASE.exp
	nmake -nologo -s  -f "\Symbian\6.0\NokiaCPP\EPOC32\BUILD\OPL\OPX\LOCALE\LOCALE\WINS\LOCALE.WINS" LIBRARY
   Creating library \Symbian\6.0\NokiaCPP\EPOC32\RELEASE\WINS\UDEB\LOCALE.LIB and object \Symbian\6.0\NokiaCPP\EPOC32\RELEASE\WINS\UDEB\LOCALE.exp
	nmake -nologo -s  -f "\Symbian\6.0\NokiaCPP\EPOC32\BUILD\OPL\OPX\MEDIASERVEROPX\MEDIASERVEROPX\WINS\MEDIASERVEROPX.WINS" LIBRARY
   Creating library \Symbian\6.0\NokiaCPP\EPOC32\RELEASE\WINS\UDEB\MEDIASERVEROPX.LIB and object \Symbian\6.0\NokiaCPP\EPOC32\RELEASE\WINS\UDEB\MEDIASERVEROPX.exp
	nmake -nologo -s  -f "\Symbian\6.0\NokiaCPP\EPOC32\BUILD\OPL\OPX\PRINTER\PRINTER\WINS\PRINTER.WINS" LIBRARY
   Creating library \Symbian\6.0\NokiaCPP\EPOC32\RELEASE\WINS\UDEB\PRINTER.LIB and object \Symbian\6.0\NokiaCPP\EPOC32\RELEASE\WINS\UDEB\PRINTER.exp
	nmake -nologo -s  -f "\Symbian\6.0\NokiaCPP\EPOC32\BUILD\OPL\OPX\SCOMMS\SCOMMS\WINS\SCOMMS.WINS" LIBRARY
   Creating library \Symbian\6.0\NokiaCPP\EPOC32\RELEASE\WINS\UDEB\SCOMMS.LIB and object \Symbian\6.0\NokiaCPP\EPOC32\RELEASE\WINS\UDEB\SCOMMS.exp
	nmake -nologo -s  -f "\Symbian\6.0\NokiaCPP\EPOC32\BUILD\OPL\OPX\SENDAS\SENDAS\WINS\SENDAS.WINS" LIBRARY
   Creating library \Symbian\6.0\NokiaCPP\EPOC32\RELEASE\WINS\UDEB\SENDAS.LIB and object \Symbian\6.0\NokiaCPP\EPOC32\RELEASE\WINS\UDEB\SENDAS.exp
	nmake -nologo -s  -f "\Symbian\6.0\NokiaCPP\EPOC32\BUILD\OPL\OPX\SPELL\SPELL\WINS\SPELL.WINS" LIBRARY
   Creating library \Symbian\6.0\NokiaCPP\EPOC32\RELEASE\WINS\UDEB\SPELL.LIB and object \Symbian\6.0\NokiaCPP\EPOC32\RELEASE\WINS\UDEB\SPELL.exp
	nmake -nologo -s  -f "\Symbian\6.0\NokiaCPP\EPOC32\BUILD\OPL\OPX\SYSTEM\SYSTEM\WINS\SYSTEM.WINS" LIBRARY
   Creating library \Symbian\6.0\NokiaCPP\EPOC32\RELEASE\WINS\UDEB\SYSTEM.LIB and object \Symbian\6.0\NokiaCPP\EPOC32\RELEASE\WINS\UDEB\SYSTEM.exp
	nmake -nologo -s  -f "\OPL\OPX\GROUP\OPX.MK" PLATFORM=WINS LIB
  nmake -nologo -f "\Symbian\6.0\NokiaCPP\EPOC32\BUILD\OPL\OPX\GROUP\THUMB.make" LIBRARY VERBOSE=-s
	nmake -nologo -s  -f "\Symbian\6.0\NokiaCPP\EPOC32\BUILD\OPL\OPX\AGENDA\AGENDA\THUMB\AGENDA.THUMB" LIBRARY
	nmake -nologo -s  -f "\Symbian\6.0\NokiaCPP\EPOC32\BUILD\OPL\OPX\ALARM\ALARM\THUMB\ALARM.THUMB" LIBRARY
	nmake -nologo -s  -f "\Symbian\6.0\NokiaCPP\EPOC32\BUILD\OPL\OPX\APPFRAME\APPFRAME\THUMB\APPFRAME.THUMB" LIBRARY
	nmake -nologo -s  -f "\Symbian\6.0\NokiaCPP\EPOC32\BUILD\OPL\OPX\BMP\BMP\THUMB\BMP.THUMB" LIBRARY
	nmake -nologo -s  -f "\Symbian\6.0\NokiaCPP\EPOC32\BUILD\OPL\OPX\BUFFER\BUFFER\THUMB\BUFFER.THUMB" LIBRARY
	nmake -nologo -s  -f "\Symbian\6.0\NokiaCPP\EPOC32\BUILD\OPL\OPX\CONTACT\CONTACT\THUMB\CONTACT.THUMB" LIBRARY
	nmake -nologo -s  -f "\Symbian\6.0\NokiaCPP\EPOC32\BUILD\OPL\OPX\CONVERT\CONVERT\THUMB\CONVERT.THUMB" LIBRARY
	nmake -nologo -s  -f "\Symbian\6.0\NokiaCPP\EPOC32\BUILD\OPL\OPX\DATA\DATA\THUMB\DATA.THUMB" LIBRARY
	nmake -nologo -s  -f "\Symbian\6.0\NokiaCPP\EPOC32\BUILD\OPL\OPX\DATE\DATE\THUMB\DATE.THUMB" LIBRARY
	nmake -nologo -s  -f "\Symbian\6.0\NokiaCPP\EPOC32\BUILD\OPL\OPX\DBASE\DBASE\THUMB\DBASE.THUMB" LIBRARY
	nmake -nologo -s  -f "\Symbian\6.0\NokiaCPP\EPOC32\BUILD\OPL\OPX\LOCALE\LOCALE\THUMB\LOCALE.THUMB" LIBRARY
	nmake -nologo -s  -f "\Symbian\6.0\NokiaCPP\EPOC32\BUILD\OPL\OPX\MEDIASERVEROPX\MEDIASERVEROPX\THUMB\MEDIASERVEROPX.THUMB" LIBRARY
	nmake -nologo -s  -f "\Symbian\6.0\NokiaCPP\EPOC32\BUILD\OPL\OPX\PRINTER\PRINTER\THUMB\PRINTER.THUMB" LIBRARY
	nmake -nologo -s  -f "\Symbian\6.0\NokiaCPP\EPOC32\BUILD\OPL\OPX\SCOMMS\SCOMMS\THUMB\SCOMMS.THUMB" LIBRARY
	nmake -nologo -s  -f "\Symbian\6.0\NokiaCPP\EPOC32\BUILD\OPL\OPX\SENDAS\SENDAS\THUMB\SENDAS.THUMB" LIBRARY
	nmake -nologo -s  -f "\Symbian\6.0\NokiaCPP\EPOC32\BUILD\OPL\OPX\SPELL\SPELL\THUMB\SPELL.THUMB" LIBRARY
	nmake -nologo -s  -f "\Symbian\6.0\NokiaCPP\EPOC32\BUILD\OPL\OPX\SYSTEM\SYSTEM\THUMB\SYSTEM.THUMB" LIBRARY
	nmake -nologo -s  -f "\OPL\OPX\GROUP\OPX.MK" PLATFORM=THUMB LIB
  nmake -nologo -f "\Symbian\6.0\NokiaCPP\EPOC32\BUILD\OPL\OPX\GROUP\WINS.make" RESOURCE CFG=UDEB VERBOSE=-s
	nmake -nologo -s  -f "\Symbian\6.0\NokiaCPP\EPOC32\BUILD\OPL\OPX\AGENDA\AGENDA\WINS\AGENDA.WINS" RESOURCEUDEB
	nmake -nologo -s  -f "\Symbian\6.0\NokiaCPP\EPOC32\BUILD\OPL\OPX\ALARM\ALARM\WINS\ALARM.WINS" RESOURCEUDEB
	nmake -nologo -s  -f "\Symbian\6.0\NokiaCPP\EPOC32\BUILD\OPL\OPX\APPFRAME\APPFRAME\WINS\APPFRAME.WINS" RESOURCEUDEB
	nmake -nologo -s  -f "\Symbian\6.0\NokiaCPP\EPOC32\BUILD\OPL\OPX\BMP\BMP\WINS\BMP.WINS" RESOURCEUDEB
	nmake -nologo -s  -f "\Symbian\6.0\NokiaCPP\EPOC32\BUILD\OPL\OPX\BUFFER\BUFFER\WINS\BUFFER.WINS" RESOURCEUDEB
	nmake -nologo -s  -f "\Symbian\6.0\NokiaCPP\EPOC32\BUILD\OPL\OPX\CONTACT\CONTACT\WINS\CONTACT.WINS" RESOURCEUDEB
	nmake -nologo -s  -f "\Symbian\6.0\NokiaCPP\EPOC32\BUILD\OPL\OPX\CONVERT\CONVERT\WINS\CONVERT.WINS" RESOURCEUDEB
	nmake -nologo -s  -f "\Symbian\6.0\NokiaCPP\EPOC32\BUILD\OPL\OPX\DATA\DATA\WINS\DATA.WINS" RESOURCEUDEB
	nmake -nologo -s  -f "\Symbian\6.0\NokiaCPP\EPOC32\BUILD\OPL\OPX\DATE\DATE\WINS\DATE.WINS" RESOURCEUDEB
	nmake -nologo -s  -f "\Symbian\6.0\NokiaCPP\EPOC32\BUILD\OPL\OPX\DBASE\DBASE\WINS\DBASE.WINS" RESOURCEUDEB
	nmake -nologo -s  -f "\Symbian\6.0\NokiaCPP\EPOC32\BUILD\OPL\OPX\LOCALE\LOCALE\WINS\LOCALE.WINS" RESOURCEUDEB
	nmake -nologo -s  -f "\Symbian\6.0\NokiaCPP\EPOC32\BUILD\OPL\OPX\MEDIASERVEROPX\MEDIASERVEROPX\WINS\MEDIASERVEROPX.WINS" RESOURCEUDEB
	nmake -nologo -s  -f "\Symbian\6.0\NokiaCPP\EPOC32\BUILD\OPL\OPX\PRINTER\PRINTER\WINS\PRINTER.WINS" RESOURCEUDEB
	nmake -nologo -s  -f "\Symbian\6.0\NokiaCPP\EPOC32\BUILD\OPL\OPX\SCOMMS\SCOMMS\WINS\SCOMMS.WINS" RESOURCEUDEB
	nmake -nologo -s  -f "\Symbian\6.0\NokiaCPP\EPOC32\BUILD\OPL\OPX\SENDAS\SENDAS\WINS\SENDAS.WINS" RESOURCEUDEB
	nmake -nologo -s  -f "\Symbian\6.0\NokiaCPP\EPOC32\BUILD\OPL\OPX\SPELL\SPELL\WINS\SPELL.WINS" RESOURCEUDEB
	nmake -nologo -s  -f "\Symbian\6.0\NokiaCPP\EPOC32\BUILD\OPL\OPX\SYSTEM\SYSTEM\WINS\SYSTEM.WINS" RESOURCEUDEB
	nmake -nologo -s  -f "\OPL\OPX\GROUP\OPX.MK" PLATFORM=WINS CFG=UDEB RESOURCE
  nmake -nologo -f "\Symbian\6.0\NokiaCPP\EPOC32\BUILD\OPL\OPX\GROUP\WINS.make" RESOURCE CFG=UREL VERBOSE=-s
	nmake -nologo -s  -f "\Symbian\6.0\NokiaCPP\EPOC32\BUILD\OPL\OPX\AGENDA\AGENDA\WINS\AGENDA.WINS" RESOURCEUREL
	nmake -nologo -s  -f "\Symbian\6.0\NokiaCPP\EPOC32\BUILD\OPL\OPX\ALARM\ALARM\WINS\ALARM.WINS" RESOURCEUREL
	nmake -nologo -s  -f "\Symbian\6.0\NokiaCPP\EPOC32\BUILD\OPL\OPX\APPFRAME\APPFRAME\WINS\APPFRAME.WINS" RESOURCEUREL
	nmake -nologo -s  -f "\Symbian\6.0\NokiaCPP\EPOC32\BUILD\OPL\OPX\BMP\BMP\WINS\BMP.WINS" RESOURCEUREL
	nmake -nologo -s  -f "\Symbian\6.0\NokiaCPP\EPOC32\BUILD\OPL\OPX\BUFFER\BUFFER\WINS\BUFFER.WINS" RESOURCEUREL
	nmake -nologo -s  -f "\Symbian\6.0\NokiaCPP\EPOC32\BUILD\OPL\OPX\CONTACT\CONTACT\WINS\CONTACT.WINS" RESOURCEUREL
	nmake -nologo -s  -f "\Symbian\6.0\NokiaCPP\EPOC32\BUILD\OPL\OPX\CONVERT\CONVERT\WINS\CONVERT.WINS" RESOURCEUREL
	nmake -nologo -s  -f "\Symbian\6.0\NokiaCPP\EPOC32\BUILD\OPL\OPX\DATA\DATA\WINS\DATA.WINS" RESOURCEUREL
	nmake -nologo -s  -f "\Symbian\6.0\NokiaCPP\EPOC32\BUILD\OPL\OPX\DATE\DATE\WINS\DATE.WINS" RESOURCEUREL
	nmake -nologo -s  -f "\Symbian\6.0\NokiaCPP\EPOC32\BUILD\OPL\OPX\DBASE\DBASE\WINS\DBASE.WINS" RESOURCEUREL
	nmake -nologo -s  -f "\Symbian\6.0\NokiaCPP\EPOC32\BUILD\OPL\OPX\LOCALE\LOCALE\WINS\LOCALE.WINS" RESOURCEUREL
	nmake -nologo -s  -f "\Symbian\6.0\NokiaCPP\EPOC32\BUILD\OPL\OPX\MEDIASERVEROPX\MEDIASERVEROPX\WINS\MEDIASERVEROPX.WINS" RESOURCEUREL
	nmake -nologo -s  -f "\Symbian\6.0\NokiaCPP\EPOC32\BUILD\OPL\OPX\PRINTER\PRINTER\WINS\PRINTER.WINS" RESOURCEUREL
	nmake -nologo -s  -f "\Symbian\6.0\NokiaCPP\EPOC32\BUILD\OPL\OPX\SCOMMS\SCOMMS\WINS\SCOMMS.WINS" RESOURCEUREL
	nmake -nologo -s  -f "\Symbian\6.0\NokiaCPP\EPOC32\BUILD\OPL\OPX\SENDAS\SENDAS\WINS\SENDAS.WINS" RESOURCEUREL
	nmake -nologo -s  -f "\Symbian\6.0\NokiaCPP\EPOC32\BUILD\OPL\OPX\SPELL\SPELL\WINS\SPELL.WINS" RESOURCEUREL
	nmake -nologo -s  -f "\Symbian\6.0\NokiaCPP\EPOC32\BUILD\OPL\OPX\SYSTEM\SYSTEM\WINS\SYSTEM.WINS" RESOURCEUREL
	nmake -nologo -s  -f "\OPL\OPX\GROUP\OPX.MK" PLATFORM=WINS CFG=UREL RESOURCE
  nmake -nologo -f "\Symbian\6.0\NokiaCPP\EPOC32\BUILD\OPL\OPX\GROUP\THUMB.make" RESOURCE CFG=UDEB VERBOSE=-s
	nmake -nologo -s  -f "\Symbian\6.0\NokiaCPP\EPOC32\BUILD\OPL\OPX\AGENDA\AGENDA\THUMB\AGENDA.THUMB" RESOURCEUDEB
	nmake -nologo -s  -f "\Symbian\6.0\NokiaCPP\EPOC32\BUILD\OPL\OPX\ALARM\ALARM\THUMB\ALARM.THUMB" RESOURCEUDEB
	nmake -nologo -s  -f "\Symbian\6.0\NokiaCPP\EPOC32\BUILD\OPL\OPX\APPFRAME\APPFRAME\THUMB\APPFRAME.THUMB" RESOURCEUDEB
	nmake -nologo -s  -f "\Symbian\6.0\NokiaCPP\EPOC32\BUILD\OPL\OPX\BMP\BMP\THUMB\BMP.THUMB" RESOURCEUDEB
	nmake -nologo -s  -f "\Symbian\6.0\NokiaCPP\EPOC32\BUILD\OPL\OPX\BUFFER\BUFFER\THUMB\BUFFER.THUMB" RESOURCEUDEB
	nmake -nologo -s  -f "\Symbian\6.0\NokiaCPP\EPOC32\BUILD\OPL\OPX\CONTACT\CONTACT\THUMB\CONTACT.THUMB" RESOURCEUDEB
	nmake -nologo -s  -f "\Symbian\6.0\NokiaCPP\EPOC32\BUILD\OPL\OPX\CONVERT\CONVERT\THUMB\CONVERT.THUMB" RESOURCEUDEB
	nmake -nologo -s  -f "\Symbian\6.0\NokiaCPP\EPOC32\BUILD\OPL\OPX\DATA\DATA\THUMB\DATA.THUMB" RESOURCEUDEB
	nmake -nologo -s  -f "\Symbian\6.0\NokiaCPP\EPOC32\BUILD\OPL\OPX\DATE\DATE\THUMB\DATE.THUMB" RESOURCEUDEB
	nmake -nologo -s  -f "\Symbian\6.0\NokiaCPP\EPOC32\BUILD\OPL\OPX\DBASE\DBASE\THUMB\DBASE.THUMB" RESOURCEUDEB
	nmake -nologo -s  -f "\Symbian\6.0\NokiaCPP\EPOC32\BUILD\OPL\OPX\LOCALE\LOCALE\THUMB\LOCALE.THUMB" RESOURCEUDEB
	nmake -nologo -s  -f "\Symbian\6.0\NokiaCPP\EPOC32\BUILD\OPL\OPX\MEDIASERVEROPX\MEDIASERVEROPX\THUMB\MEDIASERVEROPX.THUMB" RESOURCEUDEB
	nmake -nologo -s  -f "\Symbian\6.0\NokiaCPP\EPOC32\BUILD\OPL\OPX\PRINTER\PRINTER\THUMB\PRINTER.THUMB" RESOURCEUDEB
	nmake -nologo -s  -f "\Symbian\6.0\NokiaCPP\EPOC32\BUILD\OPL\OPX\SCOMMS\SCOMMS\THUMB\SCOMMS.THUMB" RESOURCEUDEB
	nmake -nologo -s  -f "\Symbian\6.0\NokiaCPP\EPOC32\BUILD\OPL\OPX\SENDAS\SENDAS\THUMB\SENDAS.THUMB" RESOURCEUDEB
	nmake -nologo -s  -f "\Symbian\6.0\NokiaCPP\EPOC32\BUILD\OPL\OPX\SPELL\SPELL\THUMB\SPELL.THUMB" RESOURCEUDEB
	nmake -nologo -s  -f "\Symbian\6.0\NokiaCPP\EPOC32\BUILD\OPL\OPX\SYSTEM\SYSTEM\THUMB\SYSTEM.THUMB" RESOURCEUDEB
	nmake -nologo -s  -f "\OPL\OPX\GROUP\OPX.MK" PLATFORM=THUMB CFG=UDEB RESOURCE
  nmake -nologo -f "\Symbian\6.0\NokiaCPP\EPOC32\BUILD\OPL\OPX\GROUP\THUMB.make" RESOURCE CFG=UREL VERBOSE=-s
	nmake -nologo -s  -f "\Symbian\6.0\NokiaCPP\EPOC32\BUILD\OPL\OPX\AGENDA\AGENDA\THUMB\AGENDA.THUMB" RESOURCEUREL
	nmake -nologo -s  -f "\Symbian\6.0\NokiaCPP\EPOC32\BUILD\OPL\OPX\ALARM\ALARM\THUMB\ALARM.THUMB" RESOURCEUREL
	nmake -nologo -s  -f "\Symbian\6.0\NokiaCPP\EPOC32\BUILD\OPL\OPX\APPFRAME\APPFRAME\THUMB\APPFRAME.THUMB" RESOURCEUREL
	nmake -nologo -s  -f "\Symbian\6.0\NokiaCPP\EPOC32\BUILD\OPL\OPX\BMP\BMP\THUMB\BMP.THUMB" RESOURCEUREL
	nmake -nologo -s  -f "\Symbian\6.0\NokiaCPP\EPOC32\BUILD\OPL\OPX\BUFFER\BUFFER\THUMB\BUFFER.THUMB" RESOURCEUREL
	nmake -nologo -s  -f "\Symbian\6.0\NokiaCPP\EPOC32\BUILD\OPL\OPX\CONTACT\CONTACT\THUMB\CONTACT.THUMB" RESOURCEUREL
	nmake -nologo -s  -f "\Symbian\6.0\NokiaCPP\EPOC32\BUILD\OPL\OPX\CONVERT\CONVERT\THUMB\CONVERT.THUMB" RESOURCEUREL
	nmake -nologo -s  -f "\Symbian\6.0\NokiaCPP\EPOC32\BUILD\OPL\OPX\DATA\DATA\THUMB\DATA.THUMB" RESOURCEUREL
	nmake -nologo -s  -f "\Symbian\6.0\NokiaCPP\EPOC32\BUILD\OPL\OPX\DATE\DATE\THUMB\DATE.THUMB" RESOURCEUREL
	nmake -nologo -s  -f "\Symbian\6.0\NokiaCPP\EPOC32\BUILD\OPL\OPX\DBASE\DBASE\THUMB\DBASE.THUMB" RESOURCEUREL
	nmake -nologo -s  -f "\Symbian\6.0\NokiaCPP\EPOC32\BUILD\OPL\OPX\LOCALE\LOCALE\THUMB\LOCALE.THUMB" RESOURCEUREL
	nmake -nologo -s  -f "\Symbian\6.0\NokiaCPP\EPOC32\BUILD\OPL\OPX\MEDIASERVEROPX\MEDIASERVEROPX\THUMB\MEDIASERVEROPX.THUMB" RESOURCEUREL
	nmake -nologo -s  -f "\Symbian\6.0\NokiaCPP\EPOC32\BUILD\OPL\OPX\PRINTER\PRINTER\THUMB\PRINTER.THUMB" RESOURCEUREL
	nmake -nologo -s  -f "\Symbian\6.0\NokiaCPP\EPOC32\BUILD\OPL\OPX\SCOMMS\SCOMMS\THUMB\SCOMMS.THUMB" RESOURCEUREL
	nmake -nologo -s  -f "\Symbian\6.0\NokiaCPP\EPOC32\BUILD\OPL\OPX\SENDAS\SENDAS\THUMB\SENDAS.THUMB" RESOURCEUREL
	nmake -nologo -s  -f "\Symbian\6.0\NokiaCPP\EPOC32\BUILD\OPL\OPX\SPELL\SPELL\THUMB\SPELL.THUMB" RESOURCEUREL
	nmake -nologo -s  -f "\Symbian\6.0\NokiaCPP\EPOC32\BUILD\OPL\OPX\SYSTEM\SYSTEM\THUMB\SYSTEM.THUMB" RESOURCEUREL
	nmake -nologo -s  -f "\OPL\OPX\GROUP\OPX.MK" PLATFORM=THUMB CFG=UREL RESOURCE
  nmake -nologo -f "\Symbian\6.0\NokiaCPP\EPOC32\BUILD\OPL\OPX\GROUP\WINS.make" TARGET CFG=UDEB VERBOSE=-s
	nmake -nologo -s  -f "\Symbian\6.0\NokiaCPP\EPOC32\BUILD\OPL\OPX\AGENDA\AGENDA\WINS\AGENDA.WINS" UDEB
Agenda.cpp
Agenda.uid.cpp
   Creating library \Symbian\6.0\NokiaCPP\EPOC32\BUILD\OPL\OPX\AGENDA\AGENDA\WINS\UDEB\AGENDA.lib and object \Symbian\6.0\NokiaCPP\EPOC32\BUILD\OPL\OPX\AGENDA\AGENDA\WINS\UDEB\AGENDA.exp
EDLL.LIB(UP_DLL.obj) : warning LNK4099: PDB "edll.pdb" was not found with "\Symbian\6.0\NokiaCPP\EPOC32\RELEASE\WINS\UDEB\EDLL.LIB" or at "J:\Symbian\6.0\NokiaCPP\EPOC32\BUILD\OPL\OPX\AGENDA\AGENDA\WINS\UDEB\edll.pdb"; linking object as if no debug info
Microsoft (R) COFF Binary File Dumper Version 6.00.8447
Copyright (C) Microsoft Corp 1992-1998. All rights reserved.

   Creating library \Symbian\6.0\NokiaCPP\EPOC32\BUILD\OPL\OPX\AGENDA\AGENDA\WINS\UDEB\AGENDA.lib and object \Symbian\6.0\NokiaCPP\EPOC32\BUILD\OPL\OPX\AGENDA\AGENDA\WINS\UDEB\AGENDA.exp
EDLL.LIB(UP_DLL.obj) : warning LNK4099: PDB "edll.pdb" was not found with "\Symbian\6.0\NokiaCPP\EPOC32\RELEASE\WINS\UDEB\EDLL.LIB" or at "J:\Symbian\6.0\NokiaCPP\EPOC32\RELEASE\WINS\UDEB\Z\SYSTEM\OPX\edll.pdb"; linking object as if no debug info
	nmake -nologo -s  -f "\Symbian\6.0\NokiaCPP\EPOC32\BUILD\OPL\OPX\ALARM\ALARM\WINS\ALARM.WINS" UDEB
Alarm.cpp
Alarm.uid.cpp
   Creating library \Symbian\6.0\NokiaCPP\EPOC32\BUILD\OPL\OPX\ALARM\ALARM\WINS\UDEB\ALARM.lib and object \Symbian\6.0\NokiaCPP\EPOC32\BUILD\OPL\OPX\ALARM\ALARM\WINS\UDEB\ALARM.exp
EDLL.LIB(UP_DLL.obj) : warning LNK4099: PDB "edll.pdb" was not found with "\Symbian\6.0\NokiaCPP\EPOC32\RELEASE\WINS\UDEB\EDLL.LIB" or at "J:\Symbian\6.0\NokiaCPP\EPOC32\BUILD\OPL\OPX\ALARM\ALARM\WINS\UDEB\edll.pdb"; linking object as if no debug info
Microsoft (R) COFF Binary File Dumper Version 6.00.8447
Copyright (C) Microsoft Corp 1992-1998. All rights reserved.

   Creating library \Symbian\6.0\NokiaCPP\EPOC32\BUILD\OPL\OPX\ALARM\ALARM\WINS\UDEB\ALARM.lib and object \Symbian\6.0\NokiaCPP\EPOC32\BUILD\OPL\OPX\ALARM\ALARM\WINS\UDEB\ALARM.exp
EDLL.LIB(UP_DLL.obj) : warning LNK4099: PDB "edll.pdb" was not found with "\Symbian\6.0\NokiaCPP\EPOC32\RELEASE\WINS\UDEB\EDLL.LIB" or at "J:\Symbian\6.0\NokiaCPP\EPOC32\RELEASE\WINS\UDEB\Z\SYSTEM\OPX\edll.pdb"; linking object as if no debug info
	nmake -nologo -s  -f "\Symbian\6.0\NokiaCPP\EPOC32\BUILD\OPL\OPX\APPFRAME\APPFRAME\WINS\APPFRAME.WINS" UDEB
Appframe.cpp
Appframe.uid.cpp
   Creating library \Symbian\6.0\NokiaCPP\EPOC32\BUILD\OPL\OPX\APPFRAME\APPFRAME\WINS\UDEB\APPFRAME.lib and object \Symbian\6.0\NokiaCPP\EPOC32\BUILD\OPL\OPX\APPFRAME\APPFRAME\WINS\UDEB\APPFRAME.exp
EDLL.LIB(UP_DLL.obj) : warning LNK4099: PDB "edll.pdb" was not found with "\Symbian\6.0\NokiaCPP\EPOC32\RELEASE\WINS\UDEB\EDLL.LIB" or at "J:\Symbian\6.0\NokiaCPP\EPOC32\BUILD\OPL\OPX\APPFRAME\APPFRAME\WINS\UDEB\edll.pdb"; linking object as if no debug info
Microsoft (R) COFF Binary File Dumper Version 6.00.8447
Copyright (C) Microsoft Corp 1992-1998. All rights reserved.

   Creating library \Symbian\6.0\NokiaCPP\EPOC32\BUILD\OPL\OPX\APPFRAME\APPFRAME\WINS\UDEB\APPFRAME.lib and object \Symbian\6.0\NokiaCPP\EPOC32\BUILD\OPL\OPX\APPFRAME\APPFRAME\WINS\UDEB\APPFRAME.exp
EDLL.LIB(UP_DLL.obj) : warning LNK4099: PDB "edll.pdb" was not found with "\Symbian\6.0\NokiaCPP\EPOC32\RELEASE\WINS\UDEB\EDLL.LIB" or at "J:\Symbian\6.0\NokiaCPP\EPOC32\RELEASE\WINS\UDEB\Z\SYSTEM\OPX\edll.pdb"; linking object as if no debug info
	nmake -nologo -s  -f "\Symbian\6.0\NokiaCPP\EPOC32\BUILD\OPL\OPX\BMP\BMP\WINS\BMP.WINS" UDEB
Bmp.uid.cpp
Opxbmp.cpp
   Creating library \Symbian\6.0\NokiaCPP\EPOC32\BUILD\OPL\OPX\BMP\BMP\WINS\UDEB\BMP.lib and object \Symbian\6.0\NokiaCPP\EPOC32\BUILD\OPL\OPX\BMP\BMP\WINS\UDEB\BMP.exp
EDLL.LIB(UP_DLL.obj) : warning LNK4099: PDB "edll.pdb" was not found with "\Symbian\6.0\NokiaCPP\EPOC32\RELEASE\WINS\UDEB\EDLL.LIB" or at "J:\Symbian\6.0\NokiaCPP\EPOC32\BUILD\OPL\OPX\BMP\BMP\WINS\UDEB\edll.pdb"; linking object as if no debug info
Microsoft (R) COFF Binary File Dumper Version 6.00.8447
Copyright (C) Microsoft Corp 1992-1998. All rights reserved.

   Creating library \Symbian\6.0\NokiaCPP\EPOC32\BUILD\OPL\OPX\BMP\BMP\WINS\UDEB\BMP.lib and object \Symbian\6.0\NokiaCPP\EPOC32\BUILD\OPL\OPX\BMP\BMP\WINS\UDEB\BMP.exp
EDLL.LIB(UP_DLL.obj) : warning LNK4099: PDB "edll.pdb" was not found with "\Symbian\6.0\NokiaCPP\EPOC32\RELEASE\WINS\UDEB\EDLL.LIB" or at "J:\Symbian\6.0\NokiaCPP\EPOC32\RELEASE\WINS\UDEB\Z\SYSTEM\OPX\edll.pdb"; linking object as if no debug info
	nmake -nologo -s  -f "\Symbian\6.0\NokiaCPP\EPOC32\BUILD\OPL\OPX\BUFFER\BUFFER\WINS\BUFFER.WINS" UDEB
Buffer.cpp
Buffer.uid.cpp
   Creating library \Symbian\6.0\NokiaCPP\EPOC32\BUILD\OPL\OPX\BUFFER\BUFFER\WINS\UDEB\BUFFER.lib and object \Symbian\6.0\NokiaCPP\EPOC32\BUILD\OPL\OPX\BUFFER\BUFFER\WINS\UDEB\BUFFER.exp
EDLL.LIB(UP_DLL.obj) : warning LNK4099: PDB "edll.pdb" was not found with "\Symbian\6.0\NokiaCPP\EPOC32\RELEASE\WINS\UDEB\EDLL.LIB" or at "J:\Symbian\6.0\NokiaCPP\EPOC32\BUILD\OPL\OPX\BUFFER\BUFFER\WINS\UDEB\edll.pdb"; linking object as if no debug info
Microsoft (R) COFF Binary File Dumper Version 6.00.8447
Copyright (C) Microsoft Corp 1992-1998. All rights reserved.

   Creating library \Symbian\6.0\NokiaCPP\EPOC32\BUILD\OPL\OPX\BUFFER\BUFFER\WINS\UDEB\BUFFER.lib and object \Symbian\6.0\NokiaCPP\EPOC32\BUILD\OPL\OPX\BUFFER\BUFFER\WINS\UDEB\BUFFER.exp
EDLL.LIB(UP_DLL.obj) : warning LNK4099: PDB "edll.pdb" was not found with "\Symbian\6.0\NokiaCPP\EPOC32\RELEASE\WINS\UDEB\EDLL.LIB" or at "J:\Symbian\6.0\NokiaCPP\EPOC32\RELEASE\WINS\UDEB\Z\SYSTEM\OPX\edll.pdb"; linking object as if no debug info
	nmake -nologo -s  -f "\Symbian\6.0\NokiaCPP\EPOC32\BUILD\OPL\OPX\CONTACT\CONTACT\WINS\CONTACT.WINS" UDEB
Contact.cpp
Contact.uid.cpp
   Creating library \Symbian\6.0\NokiaCPP\EPOC32\BUILD\OPL\OPX\CONTACT\CONTACT\WINS\UDEB\CONTACT.lib and object \Symbian\6.0\NokiaCPP\EPOC32\BUILD\OPL\OPX\CONTACT\CONTACT\WINS\UDEB\CONTACT.exp
EDLL.LIB(UP_DLL.obj) : warning LNK4099: PDB "edll.pdb" was not found with "\Symbian\6.0\NokiaCPP\EPOC32\RELEASE\WINS\UDEB\EDLL.LIB" or at "J:\Symbian\6.0\NokiaCPP\EPOC32\BUILD\OPL\OPX\CONTACT\CONTACT\WINS\UDEB\edll.pdb"; linking object as if no debug info
Microsoft (R) COFF Binary File Dumper Version 6.00.8447
Copyright (C) Microsoft Corp 1992-1998. All rights reserved.

   Creating library \Symbian\6.0\NokiaCPP\EPOC32\BUILD\OPL\OPX\CONTACT\CONTACT\WINS\UDEB\CONTACT.lib and object \Symbian\6.0\NokiaCPP\EPOC32\BUILD\OPL\OPX\CONTACT\CONTACT\WINS\UDEB\CONTACT.exp
EDLL.LIB(UP_DLL.obj) : warning LNK4099: PDB "edll.pdb" was not found with "\Symbian\6.0\NokiaCPP\EPOC32\RELEASE\WINS\UDEB\EDLL.LIB" or at "J:\Symbian\6.0\NokiaCPP\EPOC32\RELEASE\WINS\UDEB\Z\SYSTEM\OPX\edll.pdb"; linking object as if no debug info
	nmake -nologo -s  -f "\Symbian\6.0\NokiaCPP\EPOC32\BUILD\OPL\OPX\CONVERT\CONVERT\WINS\CONVERT.WINS" UDEB
Convert.cpp
Convert.uid.cpp
   Creating library \Symbian\6.0\NokiaCPP\EPOC32\BUILD\OPL\OPX\CONVERT\CONVERT\WINS\UDEB\CONVERT.lib and object \Symbian\6.0\NokiaCPP\EPOC32\BUILD\OPL\OPX\CONVERT\CONVERT\WINS\UDEB\CONVERT.exp
EDLL.LIB(UP_DLL.obj) : warning LNK4099: PDB "edll.pdb" was not found with "\Symbian\6.0\NokiaCPP\EPOC32\RELEASE\WINS\UDEB\EDLL.LIB" or at "J:\Symbian\6.0\NokiaCPP\EPOC32\BUILD\OPL\OPX\CONVERT\CONVERT\WINS\UDEB\edll.pdb"; linking object as if no debug info
Microsoft (R) COFF Binary File Dumper Version 6.00.8447
Copyright (C) Microsoft Corp 1992-1998. All rights reserved.

   Creating library \Symbian\6.0\NokiaCPP\EPOC32\BUILD\OPL\OPX\CONVERT\CONVERT\WINS\UDEB\CONVERT.lib and object \Symbian\6.0\NokiaCPP\EPOC32\BUILD\OPL\OPX\CONVERT\CONVERT\WINS\UDEB\CONVERT.exp
EDLL.LIB(UP_DLL.obj) : warning LNK4099: PDB "edll.pdb" was not found with "\Symbian\6.0\NokiaCPP\EPOC32\RELEASE\WINS\UDEB\EDLL.LIB" or at "J:\Symbian\6.0\NokiaCPP\EPOC32\RELEASE\WINS\UDEB\Z\SYSTEM\OPX\edll.pdb"; linking object as if no debug info
	nmake -nologo -s  -f "\Symbian\6.0\NokiaCPP\EPOC32\BUILD\OPL\OPX\DATA\DATA\WINS\DATA.WINS" UDEB
Data.cpp
Data.uid.cpp
   Creating library \Symbian\6.0\NokiaCPP\EPOC32\BUILD\OPL\OPX\DATA\DATA\WINS\UDEB\DATA.lib and object \Symbian\6.0\NokiaCPP\EPOC32\BUILD\OPL\OPX\DATA\DATA\WINS\UDEB\DATA.exp
EDLL.LIB(UP_DLL.obj) : warning LNK4099: PDB "edll.pdb" was not found with "\Symbian\6.0\NokiaCPP\EPOC32\RELEASE\WINS\UDEB\EDLL.LIB" or at "J:\Symbian\6.0\NokiaCPP\EPOC32\BUILD\OPL\OPX\DATA\DATA\WINS\UDEB\edll.pdb"; linking object as if no debug info
Microsoft (R) COFF Binary File Dumper Version 6.00.8447
Copyright (C) Microsoft Corp 1992-1998. All rights reserved.

   Creating library \Symbian\6.0\NokiaCPP\EPOC32\BUILD\OPL\OPX\DATA\DATA\WINS\UDEB\DATA.lib and object \Symbian\6.0\NokiaCPP\EPOC32\BUILD\OPL\OPX\DATA\DATA\WINS\UDEB\DATA.exp
EDLL.LIB(UP_DLL.obj) : warning LNK4099: PDB "edll.pdb" was not found with "\Symbian\6.0\NokiaCPP\EPOC32\RELEASE\WINS\UDEB\EDLL.LIB" or at "J:\Symbian\6.0\NokiaCPP\EPOC32\RELEASE\WINS\UDEB\Z\SYSTEM\OPX\edll.pdb"; linking object as if no debug info
	nmake -nologo -s  -f "\Symbian\6.0\NokiaCPP\EPOC32\BUILD\OPL\OPX\DATE\DATE\WINS\DATE.WINS" UDEB
Date.uid.cpp
Datetime.cpp
   Creating library \Symbian\6.0\NokiaCPP\EPOC32\BUILD\OPL\OPX\DATE\DATE\WINS\UDEB\DATE.lib and object \Symbian\6.0\NokiaCPP\EPOC32\BUILD\OPL\OPX\DATE\DATE\WINS\UDEB\DATE.exp
EDLL.LIB(UP_DLL.obj) : warning LNK4099: PDB "edll.pdb" was not found with "\Symbian\6.0\NokiaCPP\EPOC32\RELEASE\WINS\UDEB\EDLL.LIB" or at "J:\Symbian\6.0\NokiaCPP\EPOC32\BUILD\OPL\OPX\DATE\DATE\WINS\UDEB\edll.pdb"; linking object as if no debug info
Microsoft (R) COFF Binary File Dumper Version 6.00.8447
Copyright (C) Microsoft Corp 1992-1998. All rights reserved.

   Creating library \Symbian\6.0\NokiaCPP\EPOC32\BUILD\OPL\OPX\DATE\DATE\WINS\UDEB\DATE.lib and object \Symbian\6.0\NokiaCPP\EPOC32\BUILD\OPL\OPX\DATE\DATE\WINS\UDEB\DATE.exp
EDLL.LIB(UP_DLL.obj) : warning LNK4099: PDB "edll.pdb" was not found with "\Symbian\6.0\NokiaCPP\EPOC32\RELEASE\WINS\UDEB\EDLL.LIB" or at "J:\Symbian\6.0\NokiaCPP\EPOC32\RELEASE\WINS\UDEB\Z\SYSTEM\OPX\edll.pdb"; linking object as if no debug info
	nmake -nologo -s  -f "\Symbian\6.0\NokiaCPP\EPOC32\BUILD\OPL\OPX\DBASE\DBASE\WINS\DBASE.WINS" UDEB
Dbase.uid.cpp
Dbaseopx.cpp
   Creating library \Symbian\6.0\NokiaCPP\EPOC32\BUILD\OPL\OPX\DBASE\DBASE\WINS\UDEB\DBASE.lib and object \Symbian\6.0\NokiaCPP\EPOC32\BUILD\OPL\OPX\DBASE\DBASE\WINS\UDEB\DBASE.exp
EDLL.LIB(UP_DLL.obj) : warning LNK4099: PDB "edll.pdb" was not found with "\Symbian\6.0\NokiaCPP\EPOC32\RELEASE\WINS\UDEB\EDLL.LIB" or at "J:\Symbian\6.0\NokiaCPP\EPOC32\BUILD\OPL\OPX\DBASE\DBASE\WINS\UDEB\edll.pdb"; linking object as if no debug info
Microsoft (R) COFF Binary File Dumper Version 6.00.8447
Copyright (C) Microsoft Corp 1992-1998. All rights reserved.

   Creating library \Symbian\6.0\NokiaCPP\EPOC32\BUILD\OPL\OPX\DBASE\DBASE\WINS\UDEB\DBASE.lib and object \Symbian\6.0\NokiaCPP\EPOC32\BUILD\OPL\OPX\DBASE\DBASE\WINS\UDEB\DBASE.exp
EDLL.LIB(UP_DLL.obj) : warning LNK4099: PDB "edll.pdb" was not found with "\Symbian\6.0\NokiaCPP\EPOC32\RELEASE\WINS\UDEB\EDLL.LIB" or at "J:\Symbian\6.0\NokiaCPP\EPOC32\RELEASE\WINS\UDEB\Z\SYSTEM\OPX\edll.pdb"; linking object as if no debug info
	nmake -nologo -s  -f "\Symbian\6.0\NokiaCPP\EPOC32\BUILD\OPL\OPX\LOCALE\LOCALE\WINS\LOCALE.WINS" UDEB
Locale.cpp
Locale.uid.cpp
   Creating library \Symbian\6.0\NokiaCPP\EPOC32\BUILD\OPL\OPX\LOCALE\LOCALE\WINS\UDEB\LOCALE.lib and object \Symbian\6.0\NokiaCPP\EPOC32\BUILD\OPL\OPX\LOCALE\LOCALE\WINS\UDEB\LOCALE.exp
EDLL.LIB(UP_DLL.obj) : warning LNK4099: PDB "edll.pdb" was not found with "\Symbian\6.0\NokiaCPP\EPOC32\RELEASE\WINS\UDEB\EDLL.LIB" or at "J:\Symbian\6.0\NokiaCPP\EPOC32\BUILD\OPL\OPX\LOCALE\LOCALE\WINS\UDEB\edll.pdb"; linking object as if no debug info
Microsoft (R) COFF Binary File Dumper Version 6.00.8447
Copyright (C) Microsoft Corp 1992-1998. All rights reserved.

   Creating library \Symbian\6.0\NokiaCPP\EPOC32\BUILD\OPL\OPX\LOCALE\LOCALE\WINS\UDEB\LOCALE.lib and object \Symbian\6.0\NokiaCPP\EPOC32\BUILD\OPL\OPX\LOCALE\LOCALE\WINS\UDEB\LOCALE.exp
EDLL.LIB(UP_DLL.obj) : warning LNK4099: PDB "edll.pdb" was not found with "\Symbian\6.0\NokiaCPP\EPOC32\RELEASE\WINS\UDEB\EDLL.LIB" or at "J:\Symbian\6.0\NokiaCPP\EPOC32\RELEASE\WINS\UDEB\Z\SYSTEM\OPX\edll.pdb"; linking object as if no debug info
	nmake -nologo -s  -f "\Symbian\6.0\NokiaCPP\EPOC32\BUILD\OPL\OPX\MEDIASERVEROPX\MEDIASERVEROPX\WINS\MEDIASERVEROPX.WINS" UDEB
Mediaserveropx.cpp
Mediaserveropx.uid.cpp
   Creating library \Symbian\6.0\NokiaCPP\EPOC32\BUILD\OPL\OPX\MEDIASERVEROPX\MEDIASERVEROPX\WINS\UDEB\MEDIASERVEROPX.lib and object \Symbian\6.0\NokiaCPP\EPOC32\BUILD\OPL\OPX\MEDIASERVEROPX\MEDIASERVEROPX\WINS\UDEB\MEDIASERVEROPX.exp
EDLL.LIB(UP_DLL.obj) : warning LNK4099: PDB "edll.pdb" was not found with "\Symbian\6.0\NokiaCPP\EPOC32\RELEASE\WINS\UDEB\EDLL.LIB" or at "J:\Symbian\6.0\NokiaCPP\EPOC32\BUILD\OPL\OPX\MEDIASERVEROPX\MEDIASERVEROPX\WINS\UDEB\edll.pdb"; linking object as if no debug info
Microsoft (R) COFF Binary File Dumper Version 6.00.8447
Copyright (C) Microsoft Corp 1992-1998. All rights reserved.

   Creating library \Symbian\6.0\NokiaCPP\EPOC32\BUILD\OPL\OPX\MEDIASERVEROPX\MEDIASERVEROPX\WINS\UDEB\MEDIASERVEROPX.lib and object \Symbian\6.0\NokiaCPP\EPOC32\BUILD\OPL\OPX\MEDIASERVEROPX\MEDIASERVEROPX\WINS\UDEB\MEDIASERVEROPX.exp
EDLL.LIB(UP_DLL.obj) : warning LNK4099: PDB "edll.pdb" was not found with "\Symbian\6.0\NokiaCPP\EPOC32\RELEASE\WINS\UDEB\EDLL.LIB" or at "J:\Symbian\6.0\NokiaCPP\EPOC32\RELEASE\WINS\UDEB\Z\SYSTEM\OPX\edll.pdb"; linking object as if no debug info
	nmake -nologo -s  -f "\Symbian\6.0\NokiaCPP\EPOC32\BUILD\OPL\OPX\PRINTER\PRINTER\WINS\PRINTER.WINS" UDEB
Picbtmap.cpp
Printer.cpp
*** the following two lines produce an alloc heaven on UIKON 308. It's demonstrable with the test code
Printer.uid.cpp
   Creating library \Symbian\6.0\NokiaCPP\EPOC32\BUILD\OPL\OPX\PRINTER\PRINTER\WINS\UDEB\PRINTER.lib and object \Symbian\6.0\NokiaCPP\EPOC32\BUILD\OPL\OPX\PRINTER\PRINTER\WINS\UDEB\PRINTER.exp
EDLL.LIB(UP_DLL.obj) : warning LNK4099: PDB "edll.pdb" was not found with "\Symbian\6.0\NokiaCPP\EPOC32\RELEASE\WINS\UDEB\EDLL.LIB" or at "J:\Symbian\6.0\NokiaCPP\EPOC32\BUILD\OPL\OPX\PRINTER\PRINTER\WINS\UDEB\edll.pdb"; linking object as if no debug info
Microsoft (R) COFF Binary File Dumper Version 6.00.8447
Copyright (C) Microsoft Corp 1992-1998. All rights reserved.

   Creating library \Symbian\6.0\NokiaCPP\EPOC32\BUILD\OPL\OPX\PRINTER\PRINTER\WINS\UDEB\PRINTER.lib and object \Symbian\6.0\NokiaCPP\EPOC32\BUILD\OPL\OPX\PRINTER\PRINTER\WINS\UDEB\PRINTER.exp
EDLL.LIB(UP_DLL.obj) : warning LNK4099: PDB "edll.pdb" was not found with "\Symbian\6.0\NokiaCPP\EPOC32\RELEASE\WINS\UDEB\EDLL.LIB" or at "J:\Symbian\6.0\NokiaCPP\EPOC32\RELEASE\WINS\UDEB\Z\SYSTEM\OPX\edll.pdb"; linking object as if no debug info
	nmake -nologo -s  -f "\Symbian\6.0\NokiaCPP\EPOC32\BUILD\OPL\OPX\SCOMMS\SCOMMS\WINS\SCOMMS.WINS" UDEB
Scomms.cpp
scomms.cpp: Need to Write() here
scomms.cpp: Need to support Read() here.
scomms.cpp: Need to support ReadOneOrMore() here.
scomms.cpp: IrDaRead should store data in user buffer
Scomms.uid.cpp
   Creating library \Symbian\6.0\NokiaCPP\EPOC32\BUILD\OPL\OPX\SCOMMS\SCOMMS\WINS\UDEB\SCOMMS.lib and object \Symbian\6.0\NokiaCPP\EPOC32\BUILD\OPL\OPX\SCOMMS\SCOMMS\WINS\UDEB\SCOMMS.exp
EDLL.LIB(UP_DLL.obj) : warning LNK4099: PDB "edll.pdb" was not found with "\Symbian\6.0\NokiaCPP\EPOC32\RELEASE\WINS\UDEB\EDLL.LIB" or at "J:\Symbian\6.0\NokiaCPP\EPOC32\BUILD\OPL\OPX\SCOMMS\SCOMMS\WINS\UDEB\edll.pdb"; linking object as if no debug info
Microsoft (R) COFF Binary File Dumper Version 6.00.8447
Copyright (C) Microsoft Corp 1992-1998. All rights reserved.

   Creating library \Symbian\6.0\NokiaCPP\EPOC32\BUILD\OPL\OPX\SCOMMS\SCOMMS\WINS\UDEB\SCOMMS.lib and object \Symbian\6.0\NokiaCPP\EPOC32\BUILD\OPL\OPX\SCOMMS\SCOMMS\WINS\UDEB\SCOMMS.exp
EDLL.LIB(UP_DLL.obj) : warning LNK4099: PDB "edll.pdb" was not found with "\Symbian\6.0\NokiaCPP\EPOC32\RELEASE\WINS\UDEB\EDLL.LIB" or at "J:\Symbian\6.0\NokiaCPP\EPOC32\RELEASE\WINS\UDEB\Z\SYSTEM\OPX\edll.pdb"; linking object as if no debug info
	nmake -nologo -s  -f "\Symbian\6.0\NokiaCPP\EPOC32\BUILD\OPL\OPX\SENDAS\SENDAS\WINS\SENDAS.WINS" UDEB
Sendas.cpp
Sendas.uid.cpp
   Creating library \Symbian\6.0\NokiaCPP\EPOC32\BUILD\OPL\OPX\SENDAS\SENDAS\WINS\UDEB\SENDAS.lib and object \Symbian\6.0\NokiaCPP\EPOC32\BUILD\OPL\OPX\SENDAS\SENDAS\WINS\UDEB\SENDAS.exp
EDLL.LIB(UP_DLL.obj) : warning LNK4099: PDB "edll.pdb" was not found with "\Symbian\6.0\NokiaCPP\EPOC32\RELEASE\WINS\UDEB\EDLL.LIB" or at "J:\Symbian\6.0\NokiaCPP\EPOC32\BUILD\OPL\OPX\SENDAS\SENDAS\WINS\UDEB\edll.pdb"; linking object as if no debug info
Microsoft (R) COFF Binary File Dumper Version 6.00.8447
Copyright (C) Microsoft Corp 1992-1998. All rights reserved.

   Creating library \Symbian\6.0\NokiaCPP\EPOC32\BUILD\OPL\OPX\SENDAS\SENDAS\WINS\UDEB\SENDAS.lib and object \Symbian\6.0\NokiaCPP\EPOC32\BUILD\OPL\OPX\SENDAS\SENDAS\WINS\UDEB\SENDAS.exp
EDLL.LIB(UP_DLL.obj) : warning LNK4099: PDB "edll.pdb" was not found with "\Symbian\6.0\NokiaCPP\EPOC32\RELEASE\WINS\UDEB\EDLL.LIB" or at "J:\Symbian\6.0\NokiaCPP\EPOC32\RELEASE\WINS\UDEB\Z\SYSTEM\OPX\edll.pdb"; linking object as if no debug info
	nmake -nologo -s  -f "\Symbian\6.0\NokiaCPP\EPOC32\BUILD\OPL\OPX\SPELL\SPELL\WINS\SPELL.WINS" UDEB
Spell.cpp
Spell.uid.cpp
   Creating library \Symbian\6.0\NokiaCPP\EPOC32\BUILD\OPL\OPX\SPELL\SPELL\WINS\UDEB\SPELL.lib and object \Symbian\6.0\NokiaCPP\EPOC32\BUILD\OPL\OPX\SPELL\SPELL\WINS\UDEB\SPELL.exp
EDLL.LIB(UP_DLL.obj) : warning LNK4099: PDB "edll.pdb" was not found with "\Symbian\6.0\NokiaCPP\EPOC32\RELEASE\WINS\UDEB\EDLL.LIB" or at "J:\Symbian\6.0\NokiaCPP\EPOC32\BUILD\OPL\OPX\SPELL\SPELL\WINS\UDEB\edll.pdb"; linking object as if no debug info
Microsoft (R) COFF Binary File Dumper Version 6.00.8447
Copyright (C) Microsoft Corp 1992-1998. All rights reserved.

   Creating library \Symbian\6.0\NokiaCPP\EPOC32\BUILD\OPL\OPX\SPELL\SPELL\WINS\UDEB\SPELL.lib and object \Symbian\6.0\NokiaCPP\EPOC32\BUILD\OPL\OPX\SPELL\SPELL\WINS\UDEB\SPELL.exp
EDLL.LIB(UP_DLL.obj) : warning LNK4099: PDB "edll.pdb" was not found with "\Symbian\6.0\NokiaCPP\EPOC32\RELEASE\WINS\UDEB\EDLL.LIB" or at "J:\Symbian\6.0\NokiaCPP\EPOC32\RELEASE\WINS\UDEB\Z\SYSTEM\OPX\edll.pdb"; linking object as if no debug info
	nmake -nologo -s  -f "\Symbian\6.0\NokiaCPP\EPOC32\BUILD\OPL\OPX\SYSTEM\SYSTEM\WINS\SYSTEM.WINS" UDEB
System.cpp
system.cpp: !!TODO Support SetSoundEnabled()
system.cpp: !!TODO Support SetSoundDriverEnabled()
System.uid.cpp
   Creating library \Symbian\6.0\NokiaCPP\EPOC32\BUILD\OPL\OPX\SYSTEM\SYSTEM\WINS\UDEB\SYSTEM.lib and object \Symbian\6.0\NokiaCPP\EPOC32\BUILD\OPL\OPX\SYSTEM\SYSTEM\WINS\UDEB\SYSTEM.exp
EDLL.LIB(UP_DLL.obj) : warning LNK4099: PDB "edll.pdb" was not found with "\Symbian\6.0\NokiaCPP\EPOC32\RELEASE\WINS\UDEB\EDLL.LIB" or at "J:\Symbian\6.0\NokiaCPP\EPOC32\BUILD\OPL\OPX\SYSTEM\SYSTEM\WINS\UDEB\edll.pdb"; linking object as if no debug info
Microsoft (R) COFF Binary File Dumper Version 6.00.8447
Copyright (C) Microsoft Corp 1992-1998. All rights reserved.

   Creating library \Symbian\6.0\NokiaCPP\EPOC32\BUILD\OPL\OPX\SYSTEM\SYSTEM\WINS\UDEB\SYSTEM.lib and object \Symbian\6.0\NokiaCPP\EPOC32\BUILD\OPL\OPX\SYSTEM\SYSTEM\WINS\UDEB\SYSTEM.exp
EDLL.LIB(UP_DLL.obj) : warning LNK4099: PDB "edll.pdb" was not found with "\Symbian\6.0\NokiaCPP\EPOC32\RELEASE\WINS\UDEB\EDLL.LIB" or at "J:\Symbian\6.0\NokiaCPP\EPOC32\RELEASE\WINS\UDEB\Z\SYSTEM\OPX\edll.pdb"; linking object as if no debug info
	nmake -nologo -s  -f "\OPL\OPX\GROUP\OPX.MK" PLATFORM=WINS CFG=UDEB BLD
  nmake -nologo -f "\Symbian\6.0\NokiaCPP\EPOC32\BUILD\OPL\OPX\GROUP\WINS.make" TARGET CFG=UREL VERBOSE=-s
	nmake -nologo -s  -f "\Symbian\6.0\NokiaCPP\EPOC32\BUILD\OPL\OPX\AGENDA\AGENDA\WINS\AGENDA.WINS" UREL
Agenda.cpp
Agenda.uid.cpp
   Creating library \Symbian\6.0\NokiaCPP\EPOC32\BUILD\OPL\OPX\AGENDA\AGENDA\WINS\UREL\AGENDA.lib and object \Symbian\6.0\NokiaCPP\EPOC32\BUILD\OPL\OPX\AGENDA\AGENDA\WINS\UREL\AGENDA.exp
LINK : warning LNK4005: no objects used from library \Symbian\6.0\NokiaCPP\EPOC32\RELEASE\WINS\UDEB\ESTOR.LIB
Microsoft (R) COFF Binary File Dumper Version 6.00.8447
Copyright (C) Microsoft Corp 1992-1998. All rights reserved.

   Creating library \Symbian\6.0\NokiaCPP\EPOC32\BUILD\OPL\OPX\AGENDA\AGENDA\WINS\UREL\AGENDA.lib and object \Symbian\6.0\NokiaCPP\EPOC32\BUILD\OPL\OPX\AGENDA\AGENDA\WINS\UREL\AGENDA.exp
LINK : warning LNK4005: no objects used from library \Symbian\6.0\NokiaCPP\EPOC32\RELEASE\WINS\UDEB\ESTOR.LIB
	nmake -nologo -s  -f "\Symbian\6.0\NokiaCPP\EPOC32\BUILD\OPL\OPX\ALARM\ALARM\WINS\ALARM.WINS" UREL
Alarm.cpp
Alarm.uid.cpp
   Creating library \Symbian\6.0\NokiaCPP\EPOC32\BUILD\OPL\OPX\ALARM\ALARM\WINS\UREL\ALARM.lib and object \Symbian\6.0\NokiaCPP\EPOC32\BUILD\OPL\OPX\ALARM\ALARM\WINS\UREL\ALARM.exp
Microsoft (R) COFF Binary File Dumper Version 6.00.8447
Copyright (C) Microsoft Corp 1992-1998. All rights reserved.

   Creating library \Symbian\6.0\NokiaCPP\EPOC32\BUILD\OPL\OPX\ALARM\ALARM\WINS\UREL\ALARM.lib and object \Symbian\6.0\NokiaCPP\EPOC32\BUILD\OPL\OPX\ALARM\ALARM\WINS\UREL\ALARM.exp
	nmake -nologo -s  -f "\Symbian\6.0\NokiaCPP\EPOC32\BUILD\OPL\OPX\APPFRAME\APPFRAME\WINS\APPFRAME.WINS" UREL
Appframe.cpp
Appframe.uid.cpp
   Creating library \Symbian\6.0\NokiaCPP\EPOC32\BUILD\OPL\OPX\APPFRAME\APPFRAME\WINS\UREL\APPFRAME.lib and object \Symbian\6.0\NokiaCPP\EPOC32\BUILD\OPL\OPX\APPFRAME\APPFRAME\WINS\UREL\APPFRAME.exp
Microsoft (R) COFF Binary File Dumper Version 6.00.8447
Copyright (C) Microsoft Corp 1992-1998. All rights reserved.

   Creating library \Symbian\6.0\NokiaCPP\EPOC32\BUILD\OPL\OPX\APPFRAME\APPFRAME\WINS\UREL\APPFRAME.lib and object \Symbian\6.0\NokiaCPP\EPOC32\BUILD\OPL\OPX\APPFRAME\APPFRAME\WINS\UREL\APPFRAME.exp
	nmake -nologo -s  -f "\Symbian\6.0\NokiaCPP\EPOC32\BUILD\OPL\OPX\BMP\BMP\WINS\BMP.WINS" UREL
Bmp.uid.cpp
Opxbmp.cpp
   Creating library \Symbian\6.0\NokiaCPP\EPOC32\BUILD\OPL\OPX\BMP\BMP\WINS\UREL\BMP.lib and object \Symbian\6.0\NokiaCPP\EPOC32\BUILD\OPL\OPX\BMP\BMP\WINS\UREL\BMP.exp
Microsoft (R) COFF Binary File Dumper Version 6.00.8447
Copyright (C) Microsoft Corp 1992-1998. All rights reserved.

   Creating library \Symbian\6.0\NokiaCPP\EPOC32\BUILD\OPL\OPX\BMP\BMP\WINS\UREL\BMP.lib and object \Symbian\6.0\NokiaCPP\EPOC32\BUILD\OPL\OPX\BMP\BMP\WINS\UREL\BMP.exp
	nmake -nologo -s  -f "\Symbian\6.0\NokiaCPP\EPOC32\BUILD\OPL\OPX\BUFFER\BUFFER\WINS\BUFFER.WINS" UREL
Buffer.cpp
Buffer.uid.cpp
   Creating library \Symbian\6.0\NokiaCPP\EPOC32\BUILD\OPL\OPX\BUFFER\BUFFER\WINS\UREL\BUFFER.lib and object \Symbian\6.0\NokiaCPP\EPOC32\BUILD\OPL\OPX\BUFFER\BUFFER\WINS\UREL\BUFFER.exp
Microsoft (R) COFF Binary File Dumper Version 6.00.8447
Copyright (C) Microsoft Corp 1992-1998. All rights reserved.

   Creating library \Symbian\6.0\NokiaCPP\EPOC32\BUILD\OPL\OPX\BUFFER\BUFFER\WINS\UREL\BUFFER.lib and object \Symbian\6.0\NokiaCPP\EPOC32\BUILD\OPL\OPX\BUFFER\BUFFER\WINS\UREL\BUFFER.exp
	nmake -nologo -s  -f "\Symbian\6.0\NokiaCPP\EPOC32\BUILD\OPL\OPX\CONTACT\CONTACT\WINS\CONTACT.WINS" UREL
Contact.cpp
Contact.uid.cpp
   Creating library \Symbian\6.0\NokiaCPP\EPOC32\BUILD\OPL\OPX\CONTACT\CONTACT\WINS\UREL\CONTACT.lib and object \Symbian\6.0\NokiaCPP\EPOC32\BUILD\OPL\OPX\CONTACT\CONTACT\WINS\UREL\CONTACT.exp
Microsoft (R) COFF Binary File Dumper Version 6.00.8447
Copyright (C) Microsoft Corp 1992-1998. All rights reserved.

   Creating library \Symbian\6.0\NokiaCPP\EPOC32\BUILD\OPL\OPX\CONTACT\CONTACT\WINS\UREL\CONTACT.lib and object \Symbian\6.0\NokiaCPP\EPOC32\BUILD\OPL\OPX\CONTACT\CONTACT\WINS\UREL\CONTACT.exp
	nmake -nologo -s  -f "\Symbian\6.0\NokiaCPP\EPOC32\BUILD\OPL\OPX\CONVERT\CONVERT\WINS\CONVERT.WINS" UREL
Convert.cpp
Convert.uid.cpp
   Creating library \Symbian\6.0\NokiaCPP\EPOC32\BUILD\OPL\OPX\CONVERT\CONVERT\WINS\UREL\CONVERT.lib and object \Symbian\6.0\NokiaCPP\EPOC32\BUILD\OPL\OPX\CONVERT\CONVERT\WINS\UREL\CONVERT.exp
Microsoft (R) COFF Binary File Dumper Version 6.00.8447
Copyright (C) Microsoft Corp 1992-1998. All rights reserved.

   Creating library \Symbian\6.0\NokiaCPP\EPOC32\BUILD\OPL\OPX\CONVERT\CONVERT\WINS\UREL\CONVERT.lib and object \Symbian\6.0\NokiaCPP\EPOC32\BUILD\OPL\OPX\CONVERT\CONVERT\WINS\UREL\CONVERT.exp
	nmake -nologo -s  -f "\Symbian\6.0\NokiaCPP\EPOC32\BUILD\OPL\OPX\DATA\DATA\WINS\DATA.WINS" UREL
Data.cpp
Data.uid.cpp
   Creating library \Symbian\6.0\NokiaCPP\EPOC32\BUILD\OPL\OPX\DATA\DATA\WINS\UREL\DATA.lib and object \Symbian\6.0\NokiaCPP\EPOC32\BUILD\OPL\OPX\DATA\DATA\WINS\UREL\DATA.exp
Microsoft (R) COFF Binary File Dumper Version 6.00.8447
Copyright (C) Microsoft Corp 1992-1998. All rights reserved.

   Creating library \Symbian\6.0\NokiaCPP\EPOC32\BUILD\OPL\OPX\DATA\DATA\WINS\UREL\DATA.lib and object \Symbian\6.0\NokiaCPP\EPOC32\BUILD\OPL\OPX\DATA\DATA\WINS\UREL\DATA.exp
	nmake -nologo -s  -f "\Symbian\6.0\NokiaCPP\EPOC32\BUILD\OPL\OPX\DATE\DATE\WINS\DATE.WINS" UREL
Date.uid.cpp
Datetime.cpp
   Creating library \Symbian\6.0\NokiaCPP\EPOC32\BUILD\OPL\OPX\DATE\DATE\WINS\UREL\DATE.lib and object \Symbian\6.0\NokiaCPP\EPOC32\BUILD\OPL\OPX\DATE\DATE\WINS\UREL\DATE.exp
Microsoft (R) COFF Binary File Dumper Version 6.00.8447
Copyright (C) Microsoft Corp 1992-1998. All rights reserved.

   Creating library \Symbian\6.0\NokiaCPP\EPOC32\BUILD\OPL\OPX\DATE\DATE\WINS\UREL\DATE.lib and object \Symbian\6.0\NokiaCPP\EPOC32\BUILD\OPL\OPX\DATE\DATE\WINS\UREL\DATE.exp
	nmake -nologo -s  -f "\Symbian\6.0\NokiaCPP\EPOC32\BUILD\OPL\OPX\DBASE\DBASE\WINS\DBASE.WINS" UREL
Dbase.uid.cpp
Dbaseopx.cpp
   Creating library \Symbian\6.0\NokiaCPP\EPOC32\BUILD\OPL\OPX\DBASE\DBASE\WINS\UREL\DBASE.lib and object \Symbian\6.0\NokiaCPP\EPOC32\BUILD\OPL\OPX\DBASE\DBASE\WINS\UREL\DBASE.exp
Microsoft (R) COFF Binary File Dumper Version 6.00.8447
Copyright (C) Microsoft Corp 1992-1998. All rights reserved.

   Creating library \Symbian\6.0\NokiaCPP\EPOC32\BUILD\OPL\OPX\DBASE\DBASE\WINS\UREL\DBASE.lib and object \Symbian\6.0\NokiaCPP\EPOC32\BUILD\OPL\OPX\DBASE\DBASE\WINS\UREL\DBASE.exp
	nmake -nologo -s  -f "\Symbian\6.0\NokiaCPP\EPOC32\BUILD\OPL\OPX\LOCALE\LOCALE\WINS\LOCALE.WINS" UREL
Locale.cpp
Locale.uid.cpp
   Creating library \Symbian\6.0\NokiaCPP\EPOC32\BUILD\OPL\OPX\LOCALE\LOCALE\WINS\UREL\LOCALE.lib and object \Symbian\6.0\NokiaCPP\EPOC32\BUILD\OPL\OPX\LOCALE\LOCALE\WINS\UREL\LOCALE.exp
Microsoft (R) COFF Binary File Dumper Version 6.00.8447
Copyright (C) Microsoft Corp 1992-1998. All rights reserved.

   Creating library \Symbian\6.0\NokiaCPP\EPOC32\BUILD\OPL\OPX\LOCALE\LOCALE\WINS\UREL\LOCALE.lib and object \Symbian\6.0\NokiaCPP\EPOC32\BUILD\OPL\OPX\LOCALE\LOCALE\WINS\UREL\LOCALE.exp
	nmake -nologo -s  -f "\Symbian\6.0\NokiaCPP\EPOC32\BUILD\OPL\OPX\MEDIASERVEROPX\MEDIASERVEROPX\WINS\MEDIASERVEROPX.WINS" UREL
Mediaserveropx.cpp
Mediaserveropx.uid.cpp
   Creating library \Symbian\6.0\NokiaCPP\EPOC32\BUILD\OPL\OPX\MEDIASERVEROPX\MEDIASERVEROPX\WINS\UREL\MEDIASERVEROPX.lib and object \Symbian\6.0\NokiaCPP\EPOC32\BUILD\OPL\OPX\MEDIASERVEROPX\MEDIASERVEROPX\WINS\UREL\MEDIASERVEROPX.exp
Microsoft (R) COFF Binary File Dumper Version 6.00.8447
Copyright (C) Microsoft Corp 1992-1998. All rights reserved.

   Creating library \Symbian\6.0\NokiaCPP\EPOC32\BUILD\OPL\OPX\MEDIASERVEROPX\MEDIASERVEROPX\WINS\UREL\MEDIASERVEROPX.lib and object \Symbian\6.0\NokiaCPP\EPOC32\BUILD\OPL\OPX\MEDIASERVEROPX\MEDIASERVEROPX\WINS\UREL\MEDIASERVEROPX.exp
	nmake -nologo -s  -f "\Symbian\6.0\NokiaCPP\EPOC32\BUILD\OPL\OPX\PRINTER\PRINTER\WINS\PRINTER.WINS" UREL
Picbtmap.cpp
Printer.cpp
*** the following two lines produce an alloc heaven on UIKON 308. It's demonstrable with the test code
Printer.uid.cpp
   Creating library \Symbian\6.0\NokiaCPP\EPOC32\BUILD\OPL\OPX\PRINTER\PRINTER\WINS\UREL\PRINTER.lib and object \Symbian\6.0\NokiaCPP\EPOC32\BUILD\OPL\OPX\PRINTER\PRINTER\WINS\UREL\PRINTER.exp
LINK : warning LNK4005: no objects used from library \Symbian\6.0\NokiaCPP\EPOC32\RELEASE\WINS\UDEB\ESTOR.LIB
Microsoft (R) COFF Binary File Dumper Version 6.00.8447
Copyright (C) Microsoft Corp 1992-1998. All rights reserved.

   Creating library \Symbian\6.0\NokiaCPP\EPOC32\BUILD\OPL\OPX\PRINTER\PRINTER\WINS\UREL\PRINTER.lib and object \Symbian\6.0\NokiaCPP\EPOC32\BUILD\OPL\OPX\PRINTER\PRINTER\WINS\UREL\PRINTER.exp
LINK : warning LNK4005: no objects used from library \Symbian\6.0\NokiaCPP\EPOC32\RELEASE\WINS\UDEB\ESTOR.LIB
	nmake -nologo -s  -f "\Symbian\6.0\NokiaCPP\EPOC32\BUILD\OPL\OPX\SCOMMS\SCOMMS\WINS\SCOMMS.WINS" UREL
Scomms.cpp
scomms.cpp: Need to Write() here
scomms.cpp: Need to support Read() here.
scomms.cpp: Need to support ReadOneOrMore() here.
scomms.cpp: IrDaRead should store data in user buffer
Scomms.uid.cpp
   Creating library \Symbian\6.0\NokiaCPP\EPOC32\BUILD\OPL\OPX\SCOMMS\SCOMMS\WINS\UREL\SCOMMS.lib and object \Symbian\6.0\NokiaCPP\EPOC32\BUILD\OPL\OPX\SCOMMS\SCOMMS\WINS\UREL\SCOMMS.exp
Microsoft (R) COFF Binary File Dumper Version 6.00.8447
Copyright (C) Microsoft Corp 1992-1998. All rights reserved.

   Creating library \Symbian\6.0\NokiaCPP\EPOC32\BUILD\OPL\OPX\SCOMMS\SCOMMS\WINS\UREL\SCOMMS.lib and object \Symbian\6.0\NokiaCPP\EPOC32\BUILD\OPL\OPX\SCOMMS\SCOMMS\WINS\UREL\SCOMMS.exp
	nmake -nologo -s  -f "\Symbian\6.0\NokiaCPP\EPOC32\BUILD\OPL\OPX\SENDAS\SENDAS\WINS\SENDAS.WINS" UREL
Sendas.cpp
Sendas.uid.cpp
   Creating library \Symbian\6.0\NokiaCPP\EPOC32\BUILD\OPL\OPX\SENDAS\SENDAS\WINS\UREL\SENDAS.lib and object \Symbian\6.0\NokiaCPP\EPOC32\BUILD\OPL\OPX\SENDAS\SENDAS\WINS\UREL\SENDAS.exp
Microsoft (R) COFF Binary File Dumper Version 6.00.8447
Copyright (C) Microsoft Corp 1992-1998. All rights reserved.

   Creating library \Symbian\6.0\NokiaCPP\EPOC32\BUILD\OPL\OPX\SENDAS\SENDAS\WINS\UREL\SENDAS.lib and object \Symbian\6.0\NokiaCPP\EPOC32\BUILD\OPL\OPX\SENDAS\SENDAS\WINS\UREL\SENDAS.exp
	nmake -nologo -s  -f "\Symbian\6.0\NokiaCPP\EPOC32\BUILD\OPL\OPX\SPELL\SPELL\WINS\SPELL.WINS" UREL
Spell.cpp
Spell.uid.cpp
   Creating library \Symbian\6.0\NokiaCPP\EPOC32\BUILD\OPL\OPX\SPELL\SPELL\WINS\UREL\SPELL.lib and object \Symbian\6.0\NokiaCPP\EPOC32\BUILD\OPL\OPX\SPELL\SPELL\WINS\UREL\SPELL.exp
Microsoft (R) COFF Binary File Dumper Version 6.00.8447
Copyright (C) Microsoft Corp 1992-1998. All rights reserved.

   Creating library \Symbian\6.0\NokiaCPP\EPOC32\BUILD\OPL\OPX\SPELL\SPELL\WINS\UREL\SPELL.lib and object \Symbian\6.0\NokiaCPP\EPOC32\BUILD\OPL\OPX\SPELL\SPELL\WINS\UREL\SPELL.exp
	nmake -nologo -s  -f "\Symbian\6.0\NokiaCPP\EPOC32\BUILD\OPL\OPX\SYSTEM\SYSTEM\WINS\SYSTEM.WINS" UREL
System.cpp
system.cpp: !!TODO Support SetSoundEnabled()
system.cpp: !!TODO Support SetSoundDriverEnabled()
System.uid.cpp
   Creating library \Symbian\6.0\NokiaCPP\EPOC32\BUILD\OPL\OPX\SYSTEM\SYSTEM\WINS\UREL\SYSTEM.lib and object \Symbian\6.0\NokiaCPP\EPOC32\BUILD\OPL\OPX\SYSTEM\SYSTEM\WINS\UREL\SYSTEM.exp
Microsoft (R) COFF Binary File Dumper Version 6.00.8447
Copyright (C) Microsoft Corp 1992-1998. All rights reserved.

   Creating library \Symbian\6.0\NokiaCPP\EPOC32\BUILD\OPL\OPX\SYSTEM\SYSTEM\WINS\UREL\SYSTEM.lib and object \Symbian\6.0\NokiaCPP\EPOC32\BUILD\OPL\OPX\SYSTEM\SYSTEM\WINS\UREL\SYSTEM.exp
	nmake -nologo -s  -f "\OPL\OPX\GROUP\OPX.MK" PLATFORM=WINS CFG=UREL BLD
  nmake -nologo -f "\Symbian\6.0\NokiaCPP\EPOC32\BUILD\OPL\OPX\GROUP\THUMB.make" TARGET CFG=UDEB VERBOSE=-s
NMAKE : fatal error U1073: don't know how to make '"..\..\..\Symbian\6.0\NokiaCPP\EPOC32\RELEASE\THUMB\UDEB\EDLL.LIB"'
Stop.
NMAKE : fatal error U1077: 'c:\apps\msvc6\VC98\bin\nmake.exe' : return code '0x2'
Stop.
	nmake -nologo -s  -f "\Symbian\6.0\NokiaCPP\EPOC32\BUILD\OPL\OPX\AGENDA\AGENDA\THUMB\AGENDA.THUMB" UDEB
""  nmake -nologo -f "\Symbian\6.0\NokiaCPP\EPOC32\BUILD\OPL\OPX\GROUP\THUMB.make" TARGET CFG=UREL VERBOSE=-s
	nmake -nologo -s  -f "\Symbian\6.0\NokiaCPP\EPOC32\BUILD\OPL\OPX\AGENDA\AGENDA\THUMB\AGENDA.THUMB" UREL
""
PETRAN - PE file preprocessor V01.00 (Build 156)
Copyright (c) 1996-2000 Symbian Ltd.

	nmake -nologo -s  -f "\Symbian\6.0\NokiaCPP\EPOC32\BUILD\OPL\OPX\ALARM\ALARM\THUMB\ALARM.THUMB" UREL
""
PETRAN - PE file preprocessor V01.00 (Build 156)
Copyright (c) 1996-2000 Symbian Ltd.

	nmake -nologo -s  -f "\Symbian\6.0\NokiaCPP\EPOC32\BUILD\OPL\OPX\APPFRAME\APPFRAME\THUMB\APPFRAME.THUMB" UREL
""
PETRAN - PE file preprocessor V01.00 (Build 156)
Copyright (c) 1996-2000 Symbian Ltd.

	nmake -nologo -s  -f "\Symbian\6.0\NokiaCPP\EPOC32\BUILD\OPL\OPX\BMP\BMP\THUMB\BMP.THUMB" UREL
""
PETRAN - PE file preprocessor V01.00 (Build 156)
Copyright (c) 1996-2000 Symbian Ltd.

	nmake -nologo -s  -f "\Symbian\6.0\NokiaCPP\EPOC32\BUILD\OPL\OPX\BUFFER\BUFFER\THUMB\BUFFER.THUMB" UREL
""
PETRAN - PE file preprocessor V01.00 (Build 156)
Copyright (c) 1996-2000 Symbian Ltd.

	nmake -nologo -s  -f "\Symbian\6.0\NokiaCPP\EPOC32\BUILD\OPL\OPX\CONTACT\CONTACT\THUMB\CONTACT.THUMB" UREL
""
PETRAN - PE file preprocessor V01.00 (Build 156)
Copyright (c) 1996-2000 Symbian Ltd.

	nmake -nologo -s  -f "\Symbian\6.0\NokiaCPP\EPOC32\BUILD\OPL\OPX\CONVERT\CONVERT\THUMB\CONVERT.THUMB" UREL
""
PETRAN - PE file preprocessor V01.00 (Build 156)
Copyright (c) 1996-2000 Symbian Ltd.

	nmake -nologo -s  -f "\Symbian\6.0\NokiaCPP\EPOC32\BUILD\OPL\OPX\DATA\DATA\THUMB\DATA.THUMB" UREL
""
PETRAN - PE file preprocessor V01.00 (Build 156)
Copyright (c) 1996-2000 Symbian Ltd.

	nmake -nologo -s  -f "\Symbian\6.0\NokiaCPP\EPOC32\BUILD\OPL\OPX\DATE\DATE\THUMB\DATE.THUMB" UREL
""
PETRAN - PE file preprocessor V01.00 (Build 156)
Copyright (c) 1996-2000 Symbian Ltd.

	nmake -nologo -s  -f "\Symbian\6.0\NokiaCPP\EPOC32\BUILD\OPL\OPX\DBASE\DBASE\THUMB\DBASE.THUMB" UREL
""
PETRAN - PE file preprocessor V01.00 (Build 156)
Copyright (c) 1996-2000 Symbian Ltd.

	nmake -nologo -s  -f "\Symbian\6.0\NokiaCPP\EPOC32\BUILD\OPL\OPX\LOCALE\LOCALE\THUMB\LOCALE.THUMB" UREL
""
PETRAN - PE file preprocessor V01.00 (Build 156)
Copyright (c) 1996-2000 Symbian Ltd.

	nmake -nologo -s  -f "\Symbian\6.0\NokiaCPP\EPOC32\BUILD\OPL\OPX\MEDIASERVEROPX\MEDIASERVEROPX\THUMB\MEDIASERVEROPX.THUMB" UREL
""
PETRAN - PE file preprocessor V01.00 (Build 156)
Copyright (c) 1996-2000 Symbian Ltd.

	nmake -nologo -s  -f "\Symbian\6.0\NokiaCPP\EPOC32\BUILD\OPL\OPX\PRINTER\PRINTER\THUMB\PRINTER.THUMB" UREL
""
PETRAN - PE file preprocessor V01.00 (Build 156)
Copyright (c) 1996-2000 Symbian Ltd.

	nmake -nologo -s  -f "\Symbian\6.0\NokiaCPP\EPOC32\BUILD\OPL\OPX\SCOMMS\SCOMMS\THUMB\SCOMMS.THUMB" UREL
""
PETRAN - PE file preprocessor V01.00 (Build 156)
Copyright (c) 1996-2000 Symbian Ltd.

	nmake -nologo -s  -f "\Symbian\6.0\NokiaCPP\EPOC32\BUILD\OPL\OPX\SENDAS\SENDAS\THUMB\SENDAS.THUMB" UREL
""
PETRAN - PE file preprocessor V01.00 (Build 156)
Copyright (c) 1996-2000 Symbian Ltd.

	nmake -nologo -s  -f "\Symbian\6.0\NokiaCPP\EPOC32\BUILD\OPL\OPX\SPELL\SPELL\THUMB\SPELL.THUMB" UREL
""
PETRAN - PE file preprocessor V01.00 (Build 156)
Copyright (c) 1996-2000 Symbian Ltd.

	nmake -nologo -s  -f "\Symbian\6.0\NokiaCPP\EPOC32\BUILD\OPL\OPX\SYSTEM\SYSTEM\THUMB\SYSTEM.THUMB" UREL
""
PETRAN - PE file preprocessor V01.00 (Build 156)
Copyright (c) 1996-2000 Symbian Ltd.

	nmake -nologo -s  -f "\OPL\OPX\GROUP\OPX.MK" PLATFORM=THUMB CFG=UREL BLD
  nmake -nologo -f "\Symbian\6.0\NokiaCPP\EPOC32\BUILD\OPL\OPX\GROUP\WINS.make" FINAL CFG=UDEB VERBOSE=-s
	nmake -nologo -s  -f "\OPL\OPX\GROUP\OPX.MK" PLATFORM=WINS CFG=UDEB FINAL
  nmake -nologo -f "\Symbian\6.0\NokiaCPP\EPOC32\BUILD\OPL\OPX\GROUP\WINS.make" FINAL CFG=UREL VERBOSE=-s
	nmake -nologo -s  -f "\OPL\OPX\GROUP\OPX.MK" PLATFORM=WINS CFG=UREL FINAL
  nmake -nologo -f "\Symbian\6.0\NokiaCPP\EPOC32\BUILD\OPL\OPX\GROUP\THUMB.make" FINAL CFG=UDEB VERBOSE=-s
	nmake -nologo -s  -f "\OPL\OPX\GROUP\OPX.MK" PLATFORM=THUMB CFG=UDEB FINAL
  nmake -nologo -f "\Symbian\6.0\NokiaCPP\EPOC32\BUILD\OPL\OPX\GROUP\THUMB.make" FINAL CFG=UREL VERBOSE=-s
	nmake -nologo -s  -f "\OPL\OPX\GROUP\OPX.MK" PLATFORM=THUMB CFG=UREL FINAL
